<?xml version="1.0" encoding="UTF-8"?>
<testsuites name="Mocha Tests" time="0.629" tests="1" failures="0">
  <testsuite name="Root Suite" timestamp="2021-09-30T21:28:26" tests="0" failures="0" time="0">
  </testsuite>
  <testsuite name="Sample task tests" timestamp="2021-09-30T21:28:26" tests="1" file="D:\devel\github\azure_devops_versioning_tasks\_build\Tasks\CalculateNextVersionV1\tests\_suite.js" failures="0" time="0.629">
    <testcase name="Sample task tests should succeed with simple inputs" time="0.629" classname="should succeed with simple inputs">
    </testcase>
  </testsuite>
</testsuites>